TN:
SF:src/presentation/controllers/signup.ts
FN:11,SignUpController
FN:15,handle
FNF:2
FNH:2
FNDA:6,SignUpController
FNDA:6,handle
DA:1,1
DA:2,1
DA:3,1
DA:4,1
DA:5,1
DA:6,1
DA:7,1
DA:8,1
DA:9,1
DA:10,1
DA:11,1
DA:12,6
DA:13,6
DA:14,1
DA:15,1
DA:16,6
DA:17,6
DA:18,6
DA:19,18
DA:20,4
DA:21,4
DA:22,18
DA:23,2
DA:24,2
DA:25,6
DA:26,1
DA:27,1
DA:28,1
DA:29,1
DA:30,1
DA:31,1
DA:32,1
DA:33,1
DA:34,1
LF:34
LH:34
BRDA:11,0,0,6
BRDA:15,1,0,6
BRDA:18,2,0,18
BRDA:19,3,0,4
BRDA:23,4,0,2
BRDA:25,5,0,1
BRF:6
BRH:6
end_of_record
TN:
SF:src/presentation/errors/invalid-params-error.ts
FN:2,InvalidParamsError
FNF:1
FNH:1
FNDA:2,InvalidParamsError
DA:1,1
DA:2,1
DA:3,2
DA:4,2
DA:5,2
DA:6,1
LF:6
LH:6
BRDA:2,0,0,2
BRF:1
BRH:1
end_of_record
TN:
SF:src/presentation/errors/missing-params-error.ts
FN:2,MissingParamsError
FNF:1
FNH:1
FNDA:8,MissingParamsError
DA:1,1
DA:2,1
DA:3,8
DA:4,8
DA:5,8
DA:6,1
LF:6
LH:6
BRDA:2,0,0,8
BRF:1
BRH:1
end_of_record
TN:
SF:src/presentation/helpers/http-helpers.ts
FN:3,badRequest
FNF:1
FNH:1
FNDA:5,badRequest
DA:1,1
DA:2,1
DA:3,1
DA:4,5
DA:5,5
DA:6,5
LF:6
LH:6
BRDA:3,0,0,5
BRF:1
BRH:1
end_of_record
